

============================== 2022-05-31 20:27:20.916473 | 8b0a6773-8d6c-4403-9a69-ca27e123bce8 ==============================
20:27:20.916489 [info ] [MainThread]: Running with dbt=1.1.0
20:27:20.932385 [debug] [MainThread]: running dbt with arguments {'write_json': True, 'use_colors': True, 'printer_width': 80, 'version_check': True, 'partial_parse': True, 'static_parser': True, 'profiles_dir': '/home/blueberry/.dbt', 'send_anonymous_usage_stats': True, 'event_buffer_size': 100000, 'quiet': False, 'no_print': False, 'skip_profile_setup': False, 'which': 'init', 'indirect_selection': 'eager'}
20:27:20.932730 [debug] [MainThread]: Tracking: tracking
20:27:21.026420 [debug] [MainThread]: Sending event: {'category': 'dbt', 'action': 'invocation', 'label': 'start', 'context': [<snowplow_tracker.self_describing_json.SelfDescribingJson object at 0x7ff5a99ffc70>, <snowplow_tracker.self_describing_json.SelfDescribingJson object at 0x7ff5a99ffc40>, <snowplow_tracker.self_describing_json.SelfDescribingJson object at 0x7ff5a99ffd60>]}
20:27:40.866921 [debug] [MainThread]: Starter project path: /home/blueberry/Desktop/project2/.venv/lib/python3.8/site-packages/dbt/include/starter_project
20:31:46.221788 [info ] [MainThread]: Profile project2 written to /home/blueberry/.dbt/profiles.yml using target's profile_template.yml and your supplied values. Run 'dbt debug' to validate the connection.
20:31:46.222524 [info ] [MainThread]: 
Your new dbt project "project2" was created!

For more information on how to configure the profiles.yml file,
please consult the dbt documentation here:

  https://docs.getdbt.com/docs/configure-your-profile

One more thing:

Need help? Don't hesitate to reach out to us via GitHub issues or on Slack:

  https://community.getdbt.com/

Happy modeling!

20:31:46.223120 [debug] [MainThread]: Sending event: {'category': 'dbt', 'action': 'invocation', 'label': 'end', 'context': [<snowplow_tracker.self_describing_json.SelfDescribingJson object at 0x7ff5a99ffc40>, <snowplow_tracker.self_describing_json.SelfDescribingJson object at 0x7ff5a99ffdc0>, <snowplow_tracker.self_describing_json.SelfDescribingJson object at 0x7ff5a99fff40>]}


============================== 2022-05-31 20:37:27.535259 | f2b7fdd4-8b2d-4882-a32c-341b391dca0f ==============================
20:37:27.535290 [info ] [MainThread]: Running with dbt=1.1.0
20:37:27.536124 [debug] [MainThread]: running dbt with arguments {'write_json': True, 'use_colors': True, 'printer_width': 80, 'version_check': True, 'partial_parse': True, 'static_parser': True, 'profiles_dir': '/home/blueberry/.dbt', 'send_anonymous_usage_stats': True, 'event_buffer_size': 100000, 'quiet': False, 'no_print': False, 'config_dir': False, 'which': 'debug', 'indirect_selection': 'eager'}
20:37:27.536437 [debug] [MainThread]: Tracking: tracking
20:37:27.596602 [debug] [MainThread]: Sending event: {'category': 'dbt', 'action': 'invocation', 'label': 'start', 'context': [<snowplow_tracker.self_describing_json.SelfDescribingJson object at 0x7f6ca4408c40>, <snowplow_tracker.self_describing_json.SelfDescribingJson object at 0x7f6ca4408c70>, <snowplow_tracker.self_describing_json.SelfDescribingJson object at 0x7f6ca4408d30>]}
20:37:29.849576 [debug] [MainThread]: Executing "git --help"
20:37:29.860170 [debug] [MainThread]: STDOUT: "b"usage: git [--version] [--help] [-C <path>] [-c <name>=<value>]\n           [--exec-path[=<path>]] [--html-path] [--man-path] [--info-path]\n           [-p | --paginate | -P | --no-pager] [--no-replace-objects] [--bare]\n           [--git-dir=<path>] [--work-tree=<path>] [--namespace=<name>]\n           <command> [<args>]\n\nThese are common Git commands used in various situations:\n\nstart a working area (see also: git help tutorial)\n   clone             Clone a repository into a new directory\n   init              Create an empty Git repository or reinitialize an existing one\n\nwork on the current change (see also: git help everyday)\n   add               Add file contents to the index\n   mv                Move or rename a file, a directory, or a symlink\n   restore           Restore working tree files\n   rm                Remove files from the working tree and from the index\n   sparse-checkout   Initialize and modify the sparse-checkout\n\nexamine the history and state (see also: git help revisions)\n   bisect            Use binary search to find the commit that introduced a bug\n   diff              Show changes between commits, commit and working tree, etc\n   grep              Print lines matching a pattern\n   log               Show commit logs\n   show              Show various types of objects\n   status            Show the working tree status\n\ngrow, mark and tweak your common history\n   branch            List, create, or delete branches\n   commit            Record changes to the repository\n   merge             Join two or more development histories together\n   rebase            Reapply commits on top of another base tip\n   reset             Reset current HEAD to the specified state\n   switch            Switch branches\n   tag               Create, list, delete or verify a tag object signed with GPG\n\ncollaborate (see also: git help workflows)\n   fetch             Download objects and refs from another repository\n   pull              Fetch from and integrate with another repository or a local branch\n   push              Update remote refs along with associated objects\n\n'git help -a' and 'git help -g' list available subcommands and some\nconcept guides. See 'git help <command>' or 'git help <concept>'\nto read about a specific subcommand or concept.\nSee 'git help git' for an overview of the system.\n""
20:37:29.861665 [debug] [MainThread]: STDERR: "b''"
20:37:29.900165 [debug] [MainThread]: Acquiring new snowflake connection "debug"
20:37:29.903867 [debug] [MainThread]: Using snowflake connection "debug"
20:37:29.904499 [debug] [MainThread]: On debug: select 1 as id
20:37:29.905016 [debug] [MainThread]: Opening a new connection, currently in state init
20:37:33.189289 [debug] [MainThread]: SQL status: SUCCESS 1 in 3.28 seconds
20:37:33.191968 [debug] [MainThread]: On debug: Close
20:37:33.612693 [debug] [MainThread]: Sending event: {'category': 'dbt', 'action': 'invocation', 'label': 'end', 'context': [<snowplow_tracker.self_describing_json.SelfDescribingJson object at 0x7f6c9d3cc3a0>, <snowplow_tracker.self_describing_json.SelfDescribingJson object at 0x7f6c9d3cc340>, <snowplow_tracker.self_describing_json.SelfDescribingJson object at 0x7f6c9d3cc5e0>]}
20:37:35.041495 [debug] [MainThread]: Connection 'debug' was properly closed.
